have_library: checking for main() in -lstdc++... -------------------- yes

"gcc -o conftest -I/usr/include/ruby-1.9.1/i486-linux -I/usr/include/ruby-1.9.1/ruby/backward -I/usr/include/ruby-1.9.1 -I.  -D_FILE_OFFSET_BITS=64  -DRUBY_19 -fno-strict-aliasing -g -g -O2 -fPIC conftest.c  -L. -L/usr/lib -L.  -rdynamic -Wl,-export-dynamic     -lruby-1.9.1-static  -lpthread -lrt -ldl -lcrypt -lm   -lc"
checked program was:
/* begin */
1: #include "ruby.h"
2: 
3: int main() {return 0;}
/* end */

"gcc -o conftest -I/usr/include/ruby-1.9.1/i486-linux -I/usr/include/ruby-1.9.1/ruby/backward -I/usr/include/ruby-1.9.1 -I.  -D_FILE_OFFSET_BITS=64  -DRUBY_19 -fno-strict-aliasing -g -g -O2 -fPIC conftest.c  -L. -L/usr/lib -L.  -rdynamic -Wl,-export-dynamic     -lruby-1.9.1-static -lstdc++  -lpthread -lrt -ldl -lcrypt -lm   -lc"
checked program was:
/* begin */
1: #include "ruby.h"
2: 
3: /*top*/
4: int main() {return 0;}
5: int t() { void ((*volatile p)()); p = (void ((*)()))main; return 0; }
/* end */

--------------------

have_library: checking for chasen_getopt_argv() in -lchasen... -------------------- yes

"gcc -o conftest -I/usr/include/ruby-1.9.1/i486-linux -I/usr/include/ruby-1.9.1/ruby/backward -I/usr/include/ruby-1.9.1 -I.  -D_FILE_OFFSET_BITS=64  -DRUBY_19 -fno-strict-aliasing -g -g -O2 -fPIC conftest.c  -L. -L/usr/lib -L.  -rdynamic -Wl,-export-dynamic    -lstdc++  -lruby-1.9.1-static -lchasen -lstdc++  -lpthread -lrt -ldl -lcrypt -lm   -lc"
conftest.c: In function ‘t’:
conftest.c:5: error: ‘chasen_getopt_argv’ undeclared (first use in this function)
conftest.c:5: error: (Each undeclared identifier is reported only once
conftest.c:5: error: for each function it appears in.)
checked program was:
/* begin */
1: #include "ruby.h"
2: 
3: /*top*/
4: int main() {return 0;}
5: int t() { void ((*volatile p)()); p = (void ((*)()))chasen_getopt_argv; return 0; }
/* end */

"gcc -o conftest -I/usr/include/ruby-1.9.1/i486-linux -I/usr/include/ruby-1.9.1/ruby/backward -I/usr/include/ruby-1.9.1 -I.  -D_FILE_OFFSET_BITS=64  -DRUBY_19 -fno-strict-aliasing -g -g -O2 -fPIC conftest.c  -L. -L/usr/lib -L.  -rdynamic -Wl,-export-dynamic    -lstdc++  -lruby-1.9.1-static -lchasen -lstdc++  -lpthread -lrt -ldl -lcrypt -lm   -lc"
checked program was:
/* begin */
1: #include "ruby.h"
2: 
3: /*top*/
4: int main() {return 0;}
5: int t() { chasen_getopt_argv(); return 0; }
/* end */

--------------------

